<?xml version="1.0" encoding="UTF-8"?>
<!-- Generated by org.testng.reporters.JUnitXMLReporter -->
<testsuite ignored="0" hostname="MATHANKUMAR3005" failures="0" tests="3" name="Test1" time="17.699" errors="0" timestamp="2022-09-20T19:09:18 IST">
  <testcase classname="TestNG.TestExecution1Test" name="testexecution1Test" time="0.005"/>
  <testcase classname="TestNG.TestExecution1Test" name="testexecution1Test2" time="0.002"/>
  <testcase classname="TestNG.TestExecution1Test" name="testexecution1Test3" time="0.003"/>
</testsuite> <!-- Test1 -->
