<?xml version="1.0" encoding="UTF-8"?>
<!-- Generated by org.testng.reporters.JUnitXMLReporter -->
<testsuite ignored="0" hostname="MATHANKUMAR3005" failures="1" tests="3" name="Test" time="19.069" errors="0" timestamp="2022-09-21T10:51:10 IST">
  <testcase classname="TestNG.TestExecution1Test" name="testexecution1Test" time="0.012"/>
  <testcase classname="TestNG.TestExecution1Test" name="testexecution1Test2" time="0.004">
    <failure type="java.lang.AssertionError" message="null">
      <![CDATA[java.lang.AssertionError: null
at TestNG.TestExecution1Test.testexecution1Test2(TestExecution1Test.java:26)
at java.base/java.util.ArrayList.forEach(ArrayList.java:1511)
... Removed 29 stack frames]]>
    </failure>
  </testcase> <!-- testexecution1Test2 -->
  <testcase classname="TestNG.TestExecution1Test" name="testexecution1Test3" time="0.003"/>
</testsuite> <!-- Test -->
