<?xml version="1.0" encoding="UTF-8"?>
<testng-results ignored="0" total="1" passed="1" failed="0" skipped="0">
  <reporter-output>
  </reporter-output>
  <suite started-at="2022-12-14T16:58:58 IST" name="Default suite" finished-at="2022-12-14T16:58:59 IST" duration-ms="64">
    <groups>
    </groups>
    <test started-at="2022-12-14T16:58:58 IST" name="Default test" finished-at="2022-12-14T16:58:59 IST" duration-ms="64">
      <class name="Mock.ReveseString1">
        <test-method signature="string()[pri:0, instance:Mock.ReveseString1@4dbb42b7]" started-at="2022-12-14T16:58:58 IST" name="string" finished-at="2022-12-14T16:58:59 IST" duration-ms="10" status="PASS">
          <reporter-output>
          </reporter-output>
        </test-method> <!-- string -->
      </class> <!-- Mock.ReveseString1 -->
    </test> <!-- Default test -->
  </suite> <!-- Default suite -->
</testng-results>
